60       20 61 5 8 12 48 13 15 11 1
59       52 44 6 25 30 24 45 56 51 16
58       21 48 36 61 25 22 32 47 24 50
47       3 34 41 38 39 2 11 35 59 31
30       38 1 40 58 20 34 59 31 26 22
24       49 37 30 54 51 36 42 4 10 29
22       57 27 11 14 4 9 12 8 23 19
17       42 25 55 35 40 46 57 49 43 18
12       19 31 3 21 41 55 60 43 20 58
10       59 9 32 2 3 31 28 36 45 34
9       55 54 53 9 43 16 18 46 44 48
8       8 35 60 45 23 37 39 48 27 2
6       13 15 18 46 47 35 37 19 54 40
61       45 47 52 51 18 15 6 46 61
55       6 15 22 13 21 53 16 32 4
28       26 29 37 27 38 51 40 57 39
23       60 24 27 32 5 10 30 14
18       53 16 19 61 41 25 28 13
33       28 57 24 53 1 58 56
53       41 10 29 44 3 47
75       5 23 28 30 60
63       39 59 14 2 9
56       17 49 26 21 52
31       36 44 34 22 6
25       23 43 5 52 42
7       58 1 17 20 49
62       4 42 54 55
29       26 10 29 38
74       11 14
71       50 50
90       56
89       56
88       17
87       17
85       33
84       33
83       33
82       33
81       33
79       7
78       7
77       7
76       7
73       12
72       12
70       50
64       8
THIS : 3
1:


Vendor #6,Vendor #7,Vendor #8,Vendor #9,Vendor #10,Vendor #12,Vendor #17,Vendor #18,Vendor #22,Vendor #23,Vendor #24,Vendor #28,Vendor #30,Vendor #33,Vendor #47,Vendor #55,Vendor #56,Vendor #58,Vendor #59,Vendor #60,Vendor #61,Vendor #71,Vendor #78,Vendor #79,Vendor #84,Vendor #85,



;13, 15, 47
;17
;60, 23, 37, 39, 27
;54, 53, 16, 18, 46, 44
;9, 32, 2, 28, 45
;19, 3, 21, 41, 55, 60, 43, 58
;42, 55, 35, 40, 46, 57, 49, 43, 18
;28
;57, 27, 14, 4, 9, 12, 8, 23, 19
;5, 10, 14
;49, 37, 30, 54, 51, 36, 42, 4, 10, 29
;26, 29
;38, 1, 40, 58, 20, 34, 59, 31, 26, 22
;56
;3, 34, 41, 38, 39, 2, 11, 35, 59, 31
;53
;17
;21, 48, 36, 61, 25, 22, 32, 47, 24, 50
;52, 44, 6, 25, 30, 24, 45, 56, 51, 16
;20, 61, 5, 8, 12, 48, 13, 15, 11, 1
;52, 6
;50
;7
;7
;33
;33

0 2 2 2 2 2 2 2 2 2 2 2 2 2 2 2 2 2 2 2 2 2 2 2 2 2 2 2 2 2 2 2 2 2 2 2 2 2 2 2 2 2 2 2 2 2 2 2 2 2 2 2 2 2 2 2 2 2 2 2 2 2 0 0 0 0 0 0 0 0 0 0 0 0 0 0 0 0 0 0 0 0 0 0 0 0 0 0 0 0 0 0 0 0 0 0 0 0 0 0
2:


Vendor #6,Vendor #7,Vendor #8,Vendor #9,Vendor #10,Vendor #12,Vendor #17,Vendor #18,Vendor #22,Vendor #23,Vendor #25,Vendor #28,Vendor #29,Vendor #31,Vendor #33,Vendor #53,Vendor #55,Vendor #56,Vendor #61,Vendor #62,Vendor #63,Vendor #64,Vendor #70,Vendor #72,Vendor #73,Vendor #74,Vendor #75,Vendor #76,Vendor #77,Vendor #82,Vendor #83,Vendor #87,Vendor #88,Vendor #89,Vendor #90,



;18, 46, 35, 37, 19, 54, 40
;58, 1, 20, 49
;8, 35, 45, 48, 2
;55, 9, 43, 48
;59, 3, 31, 36, 34
;31, 20
;25
;53, 16, 19, 61, 41, 25, 13
;11
;60, 24, 27, 32, 30
;23, 43, 5, 52, 42
;37, 27, 38, 51, 40, 57, 39
;26, 10, 29, 38
;36, 44, 34, 22, 6
;28, 57, 24, 53, 1, 58
;41, 10, 29, 44, 3, 47
;6, 15, 22, 13, 21, 16, 32, 4
;49, 26, 21, 52
;45, 47, 51, 18, 15, 46, 61
;4, 42, 54, 55
;39, 59, 14, 2, 9
;8
;50
;12
;12
;11, 14
;5, 23, 28, 30, 60
;7
;7
;33
;33
;17
;17
;56
;56

0 2 2 2 2 2 2 2 2 2 2 2 2 2 2 2 2 2 2 2 2 2 2 2 2 2 2 2 2 2 2 2 2 2 2 2 2 2 2 2 2 2 2 2 2 2 2 2 2 2 1 2 2 2 2 2 2 2 2 2 2 2 0 0 0 0 0 0 0 0 0 0 0 0 0 0 0 0 0 0 0 0 0 0 0 0 0 0 0 0 0 0 0 0 0 0 0 0 0 0
3:


Vendor #81,



;33

0 0 0 0 0 0 0 0 0 0 0 0 0 0 0 0 0 0 0 0 0 0 0 0 0 0 0 0 0 0 0 0 0 1 0 0 0 0 0 0 0 0 0 0 0 0 0 0 0 0 0 0 0 0 0 0 0 0 0 0 0 0 0 0 0 0 0 0 0 0 0 0 0 0 0 0 0 0 0 0 0 0 0 0 0 0 0 0 0 0 0 0 0 0 0 0 0 0 0 0



interim 23 goes to vendors: 8, 25, 75
